<?xml version="1.0" encoding="UTF-8"?>
<!-- Generated by org.testng.reporters.JUnitReportReporter -->
<testsuite hostname="LAPTOP-ELEOHM85" failures="0" tests="3" name="com.ibsplc.files.DynamicJson" time="3.113" errors="0" timestamp="2022-04-29T21:58:34 IST" skipped="0">
  <testcase classname="com.ibsplc.files.DynamicJson" name="addBook" time="2.515"/>
  <system-out/>
  <testcase classname="com.ibsplc.files.DynamicJson" name="addBook" time="0.313"/>
  <system-out/>
  <testcase classname="com.ibsplc.files.DynamicJson" name="addBook" time="0.285"/>
  <system-out/>
</testsuite> <!-- com.ibsplc.files.DynamicJson -->
