<?xml version="1.0" encoding="UTF-8"?>
<!-- Generated by org.testng.reporters.JUnitReportReporter -->
<testsuite hostname="LAPTOP-ELEOHM85" failures="0" tests="1" name="com.ibsplc.demo.SumValidation" time="1.398" errors="0" timestamp="2022-04-29T13:52:03 IST" skipped="0">
  <testcase classname="com.ibsplc.demo.SumValidation" name="SumOfCourse" time="1.398"/>
  <system-out/>
</testsuite> <!-- com.ibsplc.demo.SumValidation -->
